Flow report for CRC-Full
Sun Feb 26 09:21:44 2023
Quartus Prime Version 22.1std.0 Build 915 10/25/2022 SC Lite Edition


---------------------
; Table of Contents ;
---------------------
  1. Legal Notice
  2. Flow Summary
  3. Flow Settings
  4. Flow Non-Default Global Settings
  5. Flow Elapsed Time
  6. Flow OS Summary
  7. Flow Log
  8. Flow Messages
  9. Flow Suppressed Messages



----------------
; Legal Notice ;
----------------
Copyright (C) 2022  Intel Corporation. All rights reserved.
Your use of Intel Corporation's design tools, logic functions 
and other software and tools, and any partner logic 
functions, and any output files from any of the foregoing 
(including device programming or simulation files), and any 
associated documentation or information are expressly subject 
to the terms and conditions of the Intel Program License 
Subscription Agreement, the Intel Quartus Prime License Agreement,
the Intel FPGA IP License Agreement, or other applicable license
agreement, including, without limitation, that your use is for
the sole purpose of programming logic devices manufactured by
Intel and sold by Intel or its authorized distributors.  Please
refer to the applicable agreement for further details, at
https://fpgasoftware.intel.com/eula.



+-------------------------------------------------------------------------------------+
; Flow Summary                                                                        ;
+------------------------------------+------------------------------------------------+
; Flow Status                        ; Successful - Sun Feb 26 09:21:42 2023          ;
; Quartus Prime Version              ; 22.1std.0 Build 915 10/25/2022 SC Lite Edition ;
; Revision Name                      ; CRC-Full                                       ;
; Top-level Entity Name              ; CRC-Full                                       ;
; Family                             ; Cyclone 10 LP                                  ;
; Device                             ; 10CL016YM164C8G                                ;
; Timing Models                      ; Final                                          ;
; Total logic elements               ; 16 / 15,408 ( < 1 % )                          ;
;     Total combinational functions  ; 3 / 15,408 ( < 1 % )                           ;
;     Dedicated logic registers      ; 16 / 15,408 ( < 1 % )                          ;
; Total registers                    ; 16                                             ;
; Total pins                         ; 4 / 88 ( 5 % )                                 ;
; Total virtual pins                 ; 0                                              ;
; Total memory bits                  ; 0 / 516,096 ( 0 % )                            ;
; Embedded Multiplier 9-bit elements ; 0 / 112 ( 0 % )                                ;
; Total PLLs                         ; 0 / 4 ( 0 % )                                  ;
+------------------------------------+------------------------------------------------+


+-----------------------------------------+
; Flow Settings                           ;
+-------------------+---------------------+
; Option            ; Setting             ;
+-------------------+---------------------+
; Start date & time ; 02/26/2023 09:21:28 ;
; Main task         ; Compilation         ;
; Revision Name     ; CRC-Full            ;
+-------------------+---------------------+


+------------------------------------------------------------------------------------------------------------------------------------------------+
; Flow Non-Default Global Settings                                                                                                               ;
+-------------------------------------+----------------------------------------+---------------+-------------+-----------------------------------+
; Assignment Name                     ; Value                                  ; Default Value ; Entity Name ; Section Id                        ;
+-------------------------------------+----------------------------------------+---------------+-------------+-----------------------------------+
; COMPILER_SIGNATURE_ID               ; 154537905565026.167739968806531        ; --            ; --          ; --                                ;
; EDA_GENERATE_FUNCTIONAL_NETLIST     ; Off                                    ; --            ; --          ; eda_board_design_timing           ;
; EDA_GENERATE_FUNCTIONAL_NETLIST     ; Off                                    ; --            ; --          ; eda_board_design_boundary_scan    ;
; EDA_GENERATE_FUNCTIONAL_NETLIST     ; Off                                    ; --            ; --          ; eda_board_design_signal_integrity ;
; EDA_GENERATE_FUNCTIONAL_NETLIST     ; Off                                    ; --            ; --          ; eda_board_design_symbol           ;
; EDA_OUTPUT_DATA_FORMAT              ; None                                   ; --            ; --          ; eda_simulation                    ;
; EDA_RUN_TOOL_AUTOMATICALLY          ; Off                                    ; --            ; --          ; eda_simulation                    ;
; EDA_TIME_SCALE                      ; 1 ps                                   ; --            ; --          ; eda_simulation                    ;
; MAX_CORE_JUNCTION_TEMP              ; 85                                     ; --            ; --          ; --                                ;
; MIN_CORE_JUNCTION_TEMP              ; 0                                      ; --            ; --          ; --                                ;
; NOMINAL_CORE_SUPPLY_VOLTAGE         ; 1.2V                                   ; --            ; --          ; --                                ;
; PARTITION_COLOR                     ; -- (Not supported for targeted family) ; --            ; --          ; Top                               ;
; PARTITION_FITTER_PRESERVATION_LEVEL ; -- (Not supported for targeted family) ; --            ; --          ; Top                               ;
; PARTITION_NETLIST_TYPE              ; -- (Not supported for targeted family) ; --            ; --          ; Top                               ;
; POWER_BOARD_THERMAL_MODEL           ; None (CONSERVATIVE)                    ; --            ; --          ; --                                ;
; POWER_PRESET_COOLING_SOLUTION       ; No Heat Sink With 200 Lfpm Airflow     ; --            ; --          ; --                                ;
; PROJECT_OUTPUT_DIRECTORY            ; output_files                           ; --            ; --          ; --                                ;
+-------------------------------------+----------------------------------------+---------------+-------------+-----------------------------------+


+--------------------------------------------------------------------------------------------------------------------------+
; Flow Elapsed Time                                                                                                        ;
+----------------------+--------------+-------------------------+---------------------+------------------------------------+
; Module Name          ; Elapsed Time ; Average Processors Used ; Peak Virtual Memory ; Total CPU Time (on all processors) ;
+----------------------+--------------+-------------------------+---------------------+------------------------------------+
; Analysis & Synthesis ; 00:00:07     ; 1.0                     ; 398 MB              ; 00:00:19                           ;
; Fitter               ; 00:00:04     ; 1.0                     ; 1010 MB             ; 00:00:06                           ;
; Assembler            ; 00:00:00     ; 1.0                     ; 351 MB              ; 00:00:00                           ;
; Timing Analyzer      ; 00:00:01     ; 1.0                     ; 466 MB              ; 00:00:01                           ;
; Total                ; 00:00:12     ; --                      ; --                  ; 00:00:26                           ;
+----------------------+--------------+-------------------------+---------------------+------------------------------------+


+------------------------------------------------------------------------------------------+
; Flow OS Summary                                                                          ;
+----------------------+------------------+---------------+---------------+----------------+
; Module Name          ; Machine Hostname ; OS Name       ; OS Version    ; Processor type ;
+----------------------+------------------+---------------+---------------+----------------+
; Analysis & Synthesis ; jaka             ; Manjaro Linux ; Manjaro Linux ; x86_64         ;
; Fitter               ; jaka             ; Manjaro Linux ; Manjaro Linux ; x86_64         ;
; Assembler            ; jaka             ; Manjaro Linux ; Manjaro Linux ; x86_64         ;
; Timing Analyzer      ; jaka             ; Manjaro Linux ; Manjaro Linux ; x86_64         ;
+----------------------+------------------+---------------+---------------+----------------+


------------
; Flow Log ;
------------
quartus_map --read_settings_files=on --write_settings_files=off CRC-Full -c CRC-Full
quartus_fit --read_settings_files=off --write_settings_files=off CRC-Full -c CRC-Full
quartus_asm --read_settings_files=off --write_settings_files=off CRC-Full -c CRC-Full
quartus_sta CRC-Full -c CRC-Full



